TN:
SF:lib/task_manager_web/controllers/tasks_controller.ex
DA:11,2
DA:12,2
DA:16,2
DA:19,1
DA:24,3
DA:25,2
DA:29,2
DA:31,2
DA:32,1
DA:37,1
DA:39,1
DA:40,1
LF:12
LH:12
end_of_record
TN:
SF:lib/task_manager_web/controllers/changeset_json.ex
DA:8,6
DA:21,20
DA:22,20
LF:3
LH:3
end_of_record
TN:
SF:lib/task_manager_web/api_doc/common_parameters.ex
DA:5,0
LF:1
LH:0
end_of_record
TN:
SF:lib/task_manager.ex
LF:0
LH:0
end_of_record
TN:
SF:lib/task_manager/tasks/task.ex
DA:7,44
DA:35,9
DA:41,3
DA:42,0
DA:43,3
LF:5
LH:4
end_of_record
TN:
SF:lib/task_manager_web.ex
DA:20,5
DA:64,5
LF:2
LH:2
end_of_record
TN:
SF:lib/task_manager/tags/task_tag.ex
DA:5,0
DA:14,0
LF:2
LH:0
end_of_record
TN:
SF:lib/task_manager_web/controllers/users_json.ex
DA:7,2
DA:8,2
DA:14,4
DA:18,6
DA:19,6
DA:20,6
DA:21,6
DA:22,6
DA:23,6
LF:9
LH:9
end_of_record
TN:
SF:lib/task_manager/core/offset_paginator/page.ex
DA:7,9
LF:1
LH:1
end_of_record
TN:
SF:lib/task_manager/tasks/task_state.ex
DA:10,34
LF:1
LH:1
end_of_record
TN:
SF:lib/task_manager_web/api_doc/base_schemas.ex
DA:5,0
DA:7,0
DA:9,0
DA:10,0
DA:16,0
DA:18,0
DA:20,0
DA:21,0
DA:23,0
DA:24,0
DA:25,0
DA:29,0
DA:32,0
LF:13
LH:0
end_of_record
TN:
SF:test/support/factories/user_factory.ex
LF:0
LH:0
end_of_record
TN:
SF:lib/task_manager_web/telemetry.ex
DA:6,1
DA:11,1
DA:19,1
DA:22,0
DA:85,1
LF:5
LH:4
end_of_record
TN:
SF:lib/task_manager/tasks/filter.ex
DA:5,1
DA:8,1
DA:12,0
LF:3
LH:2
end_of_record
TN:
SF:lib/task_manager_web/controllers/session_controller.ex
DA:10,2
DA:16,1
DA:21,1
DA:29,1
DA:35,2
LF:5
LH:5
end_of_record
TN:
SF:lib/task_manager_web/api_doc/session_doc.ex
DA:38,0
DA:40,0
DA:44,0
DA:46,0
DA:55,0
DA:59,0
DA:61,0
LF:7
LH:0
end_of_record
TN:
SF:test/support/conn_case.ex
DA:20,5
DA:35,26
LF:2
LH:2
end_of_record
TN:
SF:lib/task_manager_web/gettext.ex
LF:0
LH:0
end_of_record
TN:
SF:lib/task_manager/application.ex
DA:10,1
DA:27,1
DA:28,1
DA:35,0
LF:4
LH:3
end_of_record
TN:
SF:test/support/factories/tag_factory.ex
LF:0
LH:0
end_of_record
TN:
SF:lib/task_manager_web/controllers/tasks_json.ex
DA:7,2
DA:8,2
DA:14,4
DA:18,6
DA:19,6
DA:20,6
DA:21,6
DA:22,6
DA:23,6
DA:24,6
DA:25,6
DA:26,6
LF:12
LH:12
end_of_record
TN:
SF:lib/task_manager/users/user.ex
DA:7,47
DA:24,9
DA:33,9
DA:37,9
DA:38,9
DA:41,5
DA:47,4
DA:52,1
DA:56,1
LF:9
LH:9
end_of_record
TN:
SF:lib/task_manager/users/user_role.ex
DA:10,36
LF:1
LH:1
end_of_record
TN:
SF:lib/task_manager/tags/filter.ex
DA:5,1
DA:8,1
DA:12,0
LF:3
LH:2
end_of_record
TN:
SF:lib/task_manager_web/error_handler.ex
DA:12,0
LF:1
LH:0
end_of_record
TN:
SF:lib/task_manager/mailer.ex
LF:0
LH:0
end_of_record
TN:
SF:lib/task_manager/tags/tag.ex
DA:5,44
DA:16,9
LF:2
LH:2
end_of_record
TN:
SF:lib/task_manager_web/api_doc/info.ex
DA:3,0
DA:20,0
DA:21,0
LF:3
LH:0
end_of_record
TN:
SF:lib/task_manager/core/offset_paginator/metadata.ex
DA:5,9
LF:1
LH:1
end_of_record
TN:
SF:lib/task_manager_web/controllers/session_json.ex
DA:5,1
DA:7,1
DA:8,1
DA:9,1
DA:10,1
DA:11,1
DA:17,1
LF:7
LH:7
end_of_record
TN:
SF:lib/task_manager/tags.ex
DA:24,3
DA:41,9
DA:58,4
DA:76,4
DA:92,2
DA:105,1
LF:6
LH:6
end_of_record
TN:
SF:lib/task_manager_web/controllers/tags_controller.ex
DA:11,2
DA:12,2
DA:16,2
DA:19,1
DA:24,3
DA:25,2
DA:29,2
DA:31,2
DA:32,1
DA:37,1
DA:39,1
DA:40,1
LF:12
LH:12
end_of_record
TN:
SF:lib/task_manager/guardian.ex
DA:7,1
DA:8,0
DA:11,0
DA:15,0
LF:4
LH:1
end_of_record
TN:
SF:lib/task_manager_web/controllers/error_json.ex
DA:13,5
LF:1
LH:1
end_of_record
TN:
SF:lib/task_manager_web/endpoint.ex
LF:0
LH:0
end_of_record
TN:
SF:lib/task_manager_web/api_doc/user_doc.ex
DA:80,0
DA:82,0
DA:86,0
DA:91,0
DA:103,0
DA:107,0
DA:108,0
DA:109,0
DA:110,0
DA:115,0
DA:118,0
LF:11
LH:0
end_of_record
TN:
SF:lib/task_manager/tasks/task_priority.ex
DA:10,34
LF:1
LH:1
end_of_record
TN:
SF:lib/task_manager_web/controllers/tags_json.ex
DA:7,2
DA:8,2
DA:14,4
DA:18,6
DA:19,6
DA:20,6
LF:6
LH:6
end_of_record
TN:
SF:lib/task_manager/users.ex
DA:24,3
DA:41,9
DA:58,4
DA:76,4
DA:92,2
DA:105,1
DA:108,0
DA:113,2
DA:115,2
LF:9
LH:8
end_of_record
TN:
SF:test/support/data_case.ex
DA:19,3
DA:31,24
DA:39,50
DA:40,50
DA:52,0
DA:53,0
DA:54,0
LF:7
LH:4
end_of_record
TN:
SF:lib/task_manager/core/upcase_inclusion_string.ex
LF:0
LH:0
end_of_record
TN:
SF:test/support/factories/task_factory.ex
LF:0
LH:0
end_of_record
TN:
SF:lib/task_manager/core/offset_paginator/offset_paginator.ex
DA:47,9
DA:48,9
DA:50,9
DA:51,9
DA:52,9
DA:54,9
DA:58,9
DA:62,9
DA:63,9
DA:72,9
DA:73,9
DA:77,9
DA:83,9
DA:86,9
DA:87,0
LF:15
LH:14
end_of_record
TN:
SF:lib/task_manager_web/controllers/fallback_controller.ex
DA:10,6
LF:1
LH:1
end_of_record
TN:
SF:lib/task_manager_web/controllers/pagination_json.ex
DA:3,6
DA:4,6
DA:5,6
DA:6,6
DA:7,6
LF:5
LH:5
end_of_record
TN:
SF:lib/task_manager/users/filter.ex
DA:5,1
DA:8,1
DA:12,0
LF:3
LH:2
end_of_record
TN:
SF:lib/task_manager_web/api_doc/task_doc.ex
DA:82,0
DA:84,0
DA:88,0
DA:96,0
DA:111,0
DA:115,0
DA:116,0
DA:117,0
DA:118,0
DA:125,0
DA:128,0
LF:11
LH:0
end_of_record
TN:
SF:lib/task_manager/tasks.ex
DA:24,3
DA:41,9
DA:58,4
DA:76,4
DA:92,2
DA:105,1
LF:6
LH:6
end_of_record
TN:
SF:lib/task_manager/core/filter.ex
LF:0
LH:0
end_of_record
TN:
SF:lib/task_manager_web/api_doc/tag_doc.ex
DA:80,0
DA:82,0
DA:86,0
DA:88,0
DA:97,0
DA:101,0
DA:102,0
DA:103,0
DA:104,0
DA:105,0
DA:108,0
LF:11
LH:0
end_of_record
TN:
SF:lib/task_manager_web/controllers/users_controller.ex
DA:11,2
DA:12,2
DA:16,2
DA:19,1
DA:24,3
DA:25,2
DA:29,2
DA:31,2
DA:32,1
DA:37,1
DA:39,1
DA:40,1
LF:12
LH:12
end_of_record
TN:
SF:lib/task_manager_web/router.ex
DA:4,33
DA:27,0
DA:32,0
LF:3
LH:1
end_of_record
TN:
SF:lib/task_manager/repo.ex
LF:0
LH:0
end_of_record
